Arguments: 
  /Users/fujishimahiroki/.nodebrew/node/v14.16.0/bin/node /Users/fujishimahiroki/.nodebrew/current/bin/yarn add react-bootstrap@latest

PATH: 
  /Users/fujishimahiroki/.nodebrew/current/bin:/usr/local/bin:/usr/bin:/bin:/usr/sbin:/sbin:/usr/local/go/bin:/Library/Apple/usr/bin:/Users/fujishimahiroki/bin:/sbin:/usr/sbin:/usr/local/bin:/Users/fujishimahiroki/flutter/bin

Yarn version: 
  1.22.10

Node version: 
  14.16.0

Platform: 
  darwin x64

Trace: 
  Error: https://registry.yarnpkg.com/strip-ansi/-/strip-ansi-6.0.0.tgz: Request failed "501 Not Implemented"
      at ResponseError.ExtendableBuiltin (/Users/fujishimahiroki/.nodebrew/node/v14.16.0/lib/node_modules/yarn/lib/cli.js:696:66)
      at new ResponseError (/Users/fujishimahiroki/.nodebrew/node/v14.16.0/lib/node_modules/yarn/lib/cli.js:802:124)
      at Request.<anonymous> (/Users/fujishimahiroki/.nodebrew/node/v14.16.0/lib/node_modules/yarn/lib/cli.js:67058:16)
      at Request.emit (events.js:315:20)
      at Request.module.exports.Request.onRequestResponse (/Users/fujishimahiroki/.nodebrew/node/v14.16.0/lib/node_modules/yarn/lib/cli.js:141539:10)
      at ClientRequest.emit (events.js:315:20)
      at HTTPParser.parserOnIncomingClient (_http_client.js:641:27)
      at HTTPParser.parserOnHeadersComplete (_http_common.js:126:17)
      at HTTPParser.execute (<anonymous>)
      at TLSSocket.socketOnData (_http_client.js:509:22)

npm manifest: 
  {
    "name": "gatsby-starter-basic-bootstrap",
    "private": false,
    "description": "A very basic gatsby starter with react-bootstrap",
    "version": "0.1.0",
    "author": "mike wakerly <opensource@hoho.com>",
    "dependencies": {
      "bootstrap": "^4.4.1",
      "bootswatch": "^4.4.1",
      "gatsby": "^2.20.12",
      "gatsby-image": "^2.3.1",
      "gatsby-plugin-manifest": "^2.3.3",
      "gatsby-plugin-offline": "^3.1.2",
      "gatsby-plugin-react-helmet": "^3.2.1",
      "gatsby-plugin-sass": "^2.2.1",
      "gatsby-plugin-sharp": "^2.5.3",
      "gatsby-source-filesystem": "^2.2.2",
      "gatsby-transformer-sharp": "^2.4.3",
      "node-sass": "^4.13.1",
      "prop-types": "^15.7.2",
      "react": "^16.12.0",
      "react-bootstrap": "^1.0.0",
      "react-dom": "^16.12.0",
      "react-helmet": "^5.2.1"
    },
    "devDependencies": {
      "gh-pages": "^2.2.0",
      "prettier": "^1.19.1"
    },
    "keywords": [
      "gatsby",
      "bootstrap",
      "react-bootstrap"
    ],
    "license": "MIT",
    "scripts": {
      "build": "gatsby build",
      "deploy": "gatsby build --prefix-paths && gh-pages -d public",
      "develop": "gatsby develop",
      "format": "prettier --write \"**/*.{js,jsx,json,md}\"",
      "start": "npm run develop",
      "serve": "gatsby serve",
      "clean": "gatsby clean",
      "test": "echo \"Write tests! -> https://gatsby.dev/unit-testing\" && exit 1"
    },
    "repository": {
      "type": "git",
      "url": "https://github.com/mik3y/gatsby-starter-basic-bootstrap"
    },
    "bugs": {
      "url": "https://github.com/mik3y/gatsby-starter-basic-bootstrap/issues"
    }
  }

yarn manifest: 
  No manifest

Lockfile: 
  No lockfile
